<?xml version="1.0" encoding="UTF-8"?>
<!-- Generated by org.testng.reporters.JUnitReportReporter -->
<testsuite hostname="RONZUs-MBP" failures="0" tests="2" name="com.UnitTest" time="0.013" errors="0" timestamp="2023-10-07T17:29:23 EDT" skipped="0">
  <testcase classname="com.UnitTest" name="test2" time="0.010"/>
  <testcase classname="com.UnitTest" name="test3" time="0.003"/>
</testsuite> <!-- com.UnitTest -->
